Flow report for Hometrainer
Sun Oct 06 22:30:58 2013
Quartus II 32-bit Version 11.1 Build 216 11/23/2011 Service Pack 1 SJ Web Edition


---------------------
; Table of Contents ;
---------------------
  1. Legal Notice
  2. Flow Summary
  3. Flow Settings
  4. Flow Non-Default Global Settings
  5. Flow Elapsed Time
  6. Flow OS Summary
  7. Flow Log



----------------
; Legal Notice ;
----------------
Copyright (C) 1991-2011 Altera Corporation
Your use of Altera Corporation's design tools, logic functions 
and other software and tools, and its AMPP partner logic 
functions, and any output files from any of the foregoing 
(including device programming or simulation files), and any 
associated documentation or information are expressly subject 
to the terms and conditions of the Altera Program License 
Subscription Agreement, Altera MegaCore Function License 
Agreement, or other applicable license agreement, including, 
without limitation, that your use is for the sole purpose of 
programming logic devices manufactured by Altera and sold by 
Altera or its authorized distributors.  Please refer to the 
applicable agreement for further details.



+------------------------------------------------------------------------------------+
; Flow Summary                                                                       ;
+------------------------------------+-----------------------------------------------+
; Flow Status                        ; Successful - Sun Oct 06 22:30:58 2013         ;
; Quartus II 32-bit Version          ; 11.1 Build 216 11/23/2011 SP 1 SJ Web Edition ;
; Revision Name                      ; Hometrainer                                   ;
; Top-level Entity Name              ; HomeTrainer                                   ;
; Family                             ; Cyclone II                                    ;
; Device                             ; EP2C70F896C6                                  ;
; Timing Models                      ; Final                                         ;
; Total logic elements               ; 836 / 68,416 ( 1 % )                          ;
;     Total combinational functions  ; 799 / 68,416 ( 1 % )                          ;
;     Dedicated logic registers      ; 334 / 68,416 ( < 1 % )                        ;
; Total registers                    ; 334                                           ;
; Total pins                         ; 146 / 622 ( 23 % )                            ;
; Total virtual pins                 ; 0                                             ;
; Total memory bits                  ; 0 / 1,152,000 ( 0 % )                         ;
; Embedded Multiplier 9-bit elements ; 0 / 300 ( 0 % )                               ;
; Total PLLs                         ; 0 / 4 ( 0 % )                                 ;
+------------------------------------+-----------------------------------------------+


+-----------------------------------------+
; Flow Settings                           ;
+-------------------+---------------------+
; Option            ; Setting             ;
+-------------------+---------------------+
; Start date & time ; 10/06/2013 22:30:18 ;
; Main task         ; Compilation         ;
; Revision Name     ; Hometrainer         ;
+-------------------+---------------------+


+---------------------------------------------------------------------------------------------------------------------------------+
; Flow Non-Default Global Settings                                                                                                ;
+-------------------------------------+---------------------------------------+--------------------+-------------+----------------+
; Assignment Name                     ; Value                                 ; Default Value      ; Entity Name ; Section Id     ;
+-------------------------------------+---------------------------------------+--------------------+-------------+----------------+
; COMPILER_SIGNATURE_ID               ; 2749717283328.138109141713464         ; --                 ; --          ; --             ;
; CYCLONEII_OPTIMIZATION_TECHNIQUE    ; Area                                  ; Balanced           ; --          ; --             ;
; EDA_OUTPUT_DATA_FORMAT              ; Vhdl                                  ; --                 ; --          ; eda_simulation ;
; EDA_SIMULATION_RUN_SCRIPT           ; SequentialDeviderSim.do               ; --                 ; --          ; eda_simulation ;
; EDA_SIMULATION_TOOL                 ; ModelSim-Altera (VHDL)                ; <None>             ; --          ; --             ;
; EDA_TEST_BENCH_ENABLE_STATUS        ; COMMAND_MACRO_MODE                    ; --                 ; --          ; eda_simulation ;
; FITTER_EFFORT                       ; Standard Fit                          ; Auto Fit           ; --          ; --             ;
; MAX_CORE_JUNCTION_TEMP              ; 85                                    ; --                 ; --          ; --             ;
; MIN_CORE_JUNCTION_TEMP              ; 0                                     ; --                 ; --          ; --             ;
; OPTIMIZE_POWER_DURING_FITTING       ; Extra effort                          ; Normal compilation ; --          ; --             ;
; PARTITION_COLOR                     ; 16764057                              ; --                 ; --          ; Top            ;
; PARTITION_FITTER_PRESERVATION_LEVEL ; PLACEMENT_AND_ROUTING                 ; --                 ; --          ; Top            ;
; PARTITION_NETLIST_TYPE              ; SOURCE                                ; --                 ; --          ; Top            ;
; POWER_BOARD_THERMAL_MODEL           ; None (CONSERVATIVE)                   ; --                 ; --          ; --             ;
; POWER_PRESET_COOLING_SOLUTION       ; 23 MM HEAT SINK WITH 200 LFPM AIRFLOW ; --                 ; --          ; --             ;
+-------------------------------------+---------------------------------------+--------------------+-------------+----------------+


+-------------------------------------------------------------------------------------------------------------------------------+
; Flow Elapsed Time                                                                                                             ;
+---------------------------+--------------+-------------------------+---------------------+------------------------------------+
; Module Name               ; Elapsed Time ; Average Processors Used ; Peak Virtual Memory ; Total CPU Time (on all processors) ;
+---------------------------+--------------+-------------------------+---------------------+------------------------------------+
; Analysis & Synthesis      ; 00:00:08     ; 1.0                     ; 323 MB              ; 00:00:08                           ;
; Fitter                    ; 00:00:19     ; 1.0                     ; 476 MB              ; 00:00:19                           ;
; TimeQuest Timing Analyzer ; 00:00:04     ; 1.0                     ; 327 MB              ; 00:00:04                           ;
; Assembler                 ; 00:00:06     ; 1.0                     ; 413 MB              ; 00:00:06                           ;
; EDA Netlist Writer        ; 00:00:03     ; 1.0                     ; 262 MB              ; 00:00:03                           ;
; Total                     ; 00:00:40     ; --                      ; --                  ; 00:00:40                           ;
+---------------------------+--------------+-------------------------+---------------------+------------------------------------+


+----------------------------------------------------------------------------------------+
; Flow OS Summary                                                                        ;
+---------------------------+------------------+-----------+------------+----------------+
; Module Name               ; Machine Hostname ; OS Name   ; OS Version ; Processor type ;
+---------------------------+------------------+-----------+------------+----------------+
; Analysis & Synthesis      ; Richard-Laptop   ; Windows 7 ; 6.1        ; x86_64         ;
; Fitter                    ; Richard-Laptop   ; Windows 7 ; 6.1        ; x86_64         ;
; TimeQuest Timing Analyzer ; Richard-Laptop   ; Windows 7 ; 6.1        ; x86_64         ;
; Assembler                 ; Richard-Laptop   ; Windows 7 ; 6.1        ; x86_64         ;
; EDA Netlist Writer        ; Richard-Laptop   ; Windows 7 ; 6.1        ; x86_64         ;
+---------------------------+------------------+-----------+------------+----------------+


------------
; Flow Log ;
------------
quartus_map --read_settings_files=on --write_settings_files=off Hometrainer -c Hometrainer
quartus_fit --read_settings_files=off --write_settings_files=off Hometrainer -c Hometrainer
quartus_sta Hometrainer -c Hometrainer
quartus_asm --read_settings_files=off --write_settings_files=off Hometrainer -c Hometrainer
quartus_eda --read_settings_files=off --write_settings_files=off Hometrainer -c Hometrainer



